Using pre-set license
Built from '2020.3/release' branch; Version is '2020.3.1f1 (77a89f25062f) revision 7841951'; Using compiler version '192528614'; Build Type 'Release'
OS: 'Windows 10 Home; OS build 19041.985; Version 2004; 64bit' Language: 'ja' Physical Memory: 12143 MB
BatchMode: 1, IsHumanControllingUs: 0, StartBugReporterOnCrash: 0, Is64bit: 1, IsPro: 0

 COMMAND LINE ARGUMENTS:
C:\Users\tomy\Desktop\2020.3.1f1\Editor\Unity.exe
-adb2
-batchMode
-noUpm
-name
AssetImportWorker5
-projectPath
C:/Users/tomy/Desktop/ゲームデータ/ScriptTest
-logFile
Logs/AssetImportWorker5.log
-srvPort
55284
Successfully changed project path to: C:/Users/tomy/Desktop/ゲームデータ/ScriptTest
C:/Users/tomy/Desktop/ゲームデータ/ScriptTest
Using Asset Import Pipeline V2.
Refreshing native plugins compatible for Editor in 73.41 ms, found 0 plugins.
Preloading 0 native plugins for Editor in 0.00 ms.
Initialize engine version: 2020.3.1f1 (77a89f25062f)
[Subsystems] Discovering subsystems at path C:/Users/tomy/Desktop/2020.3.1f1/Editor/Data/Resources/UnitySubsystems
[Subsystems] Discovering subsystems at path C:/Users/tomy/Desktop/ゲームデータ/ScriptTest/Assets
GfxDevice: creating device client; threaded=0
Direct3D:
    Version:  Direct3D 11.0 [level 11.1]
    Renderer: Intel(R) HD Graphics 510 (ID=0x1906)
    Vendor:   
    VRAM:     6071 MB
    Driver:   24.20.100.6290
Initialize mono
Mono path[0] = 'C:/Users/tomy/Desktop/2020.3.1f1/Editor/Data/Managed'
Mono path[1] = 'C:/Users/tomy/Desktop/2020.3.1f1/Editor/Data/MonoBleedingEdge/lib/mono/unityjit'
Mono config path = 'C:/Users/tomy/Desktop/2020.3.1f1/Editor/Data/MonoBleedingEdge/etc'
Using monoOptions --debugger-agent=transport=dt_socket,embedding=1,server=y,suspend=n,address=127.0.0.1:56536
Begin MonoManager ReloadAssembly
Registering precompiled unity dll's ...
Register platform support module: C:/Users/tomy/Desktop/2020.3.1f1/Editor/Data/PlaybackEngines/WebGLSupport/UnityEditor.WebGL.Extensions.dll
Register platform support module: C:/Users/tomy/Desktop/2020.3.1f1/Editor/Data/PlaybackEngines/WindowsStandaloneSupport/UnityEditor.WindowsStandalone.Extensions.dll
Registered in 0.007954 seconds.
Native extension for WindowsStandalone target not found
Native extension for WebGL target not found
Refreshing native plugins compatible for Editor in 56.24 ms, found 0 plugins.
Preloading 0 native plugins for Editor in 0.00 ms.
Invoked RoslynAnalysisRunner static constructor.
RoslynAnalysisRunner will not be running.
RoslynAnalysisRunner has terminated.
Mono: successfully reloaded assembly
- Completed reload, in  5.820 seconds
Platform modules already initialized, skipping
Registering precompiled user dll's ...
Registered in 0.002081 seconds.
Begin MonoManager ReloadAssembly
Native extension for WindowsStandalone target not found
Native extension for WebGL target not found
Refreshing native plugins compatible for Editor in 0.45 ms, found 0 plugins.
Preloading 0 native plugins for Editor in 0.00 ms.
Invoked RoslynAnalysisRunner static constructor.
RoslynAnalysisRunner will not be running.
RoslynAnalysisRunner has terminated.
Mono: successfully reloaded assembly
- Completed reload, in  6.756 seconds
Platform modules already initialized, skipping
========================================================================
Worker process is ready to serve import requests
Launched and connected shader compiler UnityShaderCompiler.exe after 0.18 seconds
Refreshing native plugins compatible for Editor in 0.31 ms, found 0 plugins.
Preloading 0 native plugins for Editor in 0.00 ms.
Unloading 1114 Unused Serialized files (Serialized files now loaded: 0)
System memory in use before: 57.0 MB.
System memory in use after: 57.0 MB.

Unloading 10 unused Assets to reduce memory usage. Loaded Objects now: 1556.
Total: 3.022300 ms (FindLiveObjects: 0.237200 ms CreateObjectMapping: 0.070200 ms MarkObjects: 2.567000 ms  DeleteObjects: 0.144800 ms)

========================================================================
Received Import Request.
  path: Assets/Test.cs
  artifactKey: Guid(06193b35c734a9b4c8e47f9134b57741) Importer(815301076,1909f56bfc062723c751e8b465ee728b)
Start importing Assets/Test.cs using Guid(06193b35c734a9b4c8e47f9134b57741) Importer(815301076,1909f56bfc062723c751e8b465ee728b)  -> (artifact id: 'c76c9264f9d9d9a278505e724579f1be') in 0.166561 seconds
  Import took 0.170311 seconds .

========================================================================
Received Prepare
Refreshing native plugins compatible for Editor in 1.77 ms, found 0 plugins.
Preloading 0 native plugins for Editor in 0.00 ms.
Unloading 3 Unused Serialized files (Serialized files now loaded: 0)
System memory in use before: 34.8 MB.
System memory in use after: 34.9 MB.

Unloading 3 unused Assets to reduce memory usage. Loaded Objects now: 1556.
Total: 7183.441100 ms (FindLiveObjects: 7077.424700 ms CreateObjectMapping: 0.097800 ms MarkObjects: 105.816500 ms  DeleteObjects: 0.094800 ms)

AssetImportWorkerClient::OnTransportError - code=2 error=End of file
